<<<<<<< HEAD
<<<<<<< HEAD
<<<<<<< HEAD
=======
>>>>>>> parent of aefb930... Revert "Acheived: Settings layer added"
c:\users\dudley\onedrive\c++\assignment 3\build\debug\int\singletile.obj
c:\users\dudley\onedrive\c++\assignment 3\build\debug\int\settings.obj
c:\users\dudley\onedrive\c++\assignment 3\build\debug\int\appdelegate.obj
c:\users\dudley\onedrive\c++\assignment 3\build\debug\int\main.obj
c:\users\dudley\onedrive\c++\assignment 3\build\debug\int\mainmenu.obj
<<<<<<< HEAD
=======
c:\users\dudley\onedrive\c++\assignment 3\build\debug\int\puzzleboard.obj
c:\users\dudley\onedrive\c++\assignment 3\build\debug\int\mainmenu.obj
c:\users\dudley\onedrive\c++\assignment 3\build\debug\int\singletile.obj
c:\users\dudley\onedrive\c++\assignment 3\build\debug\int\appdelegate.obj
c:\users\dudley\onedrive\c++\assignment 3\build\debug\int\main.obj
>>>>>>> parent of 74058df... Acheived: Settings layer added
=======
c:\users\dudley\onedrive\c++\assignment 3\build\debug\int\puzzleboard.obj
c:\users\dudley\onedrive\c++\assignment 3\build\debug\int\mainmenu.obj
c:\users\dudley\onedrive\c++\assignment 3\build\debug\int\singletile.obj
c:\users\dudley\onedrive\c++\assignment 3\build\debug\int\appdelegate.obj
c:\users\dudley\onedrive\c++\assignment 3\build\debug\int\main.obj
>>>>>>> parent of 74058df... Acheived: Settings layer added
=======
>>>>>>> parent of aefb930... Revert "Acheived: Settings layer added"
c:\users\dudley\onedrive\c++\assignment 3\build\debug\int\vc140.idb
c:\users\dudley\onedrive\c++\assignment 3\build\debug\int\vc140.pdb
c:\users\dudley\onedrive\c++\assignment 3\build\debug\int\puzzlegame.tlog\cl.command.1.tlog
c:\users\dudley\onedrive\c++\assignment 3\build\debug\int\puzzlegame.tlog\cl.read.1.tlog
c:\users\dudley\onedrive\c++\assignment 3\build\debug\int\puzzlegame.tlog\cl.write.1.tlog
